  Entities.cpp
  Game.cpp
  InputManager.cpp
  LevelControl.cpp
LevelControl.cpp(33): warning C4244: 'argument': conversion from 'double' to 'int', possible loss of data
LevelControl.cpp(38): warning C4244: 'argument': conversion from 'double' to 'int', possible loss of data
LevelControl.cpp(39): warning C4018: '<': signed/unsigned mismatch
LevelControl.cpp(43): warning C4244: 'argument': conversion from 'double' to 'int', possible loss of data
LevelControl.cpp(52): warning C4018: '<': signed/unsigned mismatch
  Physics.cpp
  SDLController.cpp
  Utils.cpp
Utils.cpp(19): warning C4244: '=': conversion from '__int64' to 'int', possible loss of data
  main.cpp
  Generating code
  29 of 546 functions ( 5.3%) were compiled, the rest were copied from previous compilation.
    3 functions were new in current compilation
    5 functions had inline decision re-evaluated but remain unchanged
  Finished generating code
  Game_01.vcxproj -> C:\Users\user\documents\visual studio 2015\Projects\Game_01\Release\Game_01.exe
